# JRE version: Java(TM) SE Runtime Environment (8.0_102-b14) (build 1.8.0_102-b14)
# Java VM: Java HotSpot(TM) 64-Bit Server VM (25.102-b14 mixed mode windows-amd64 compressed oops)
Heap:
 PSYoungGen      total 37888K, used 20689K [0x00000000d6900000, 0x00000000db300000, 0x0000000100000000)
  eden space 32768K, 47% used [0x00000000d6900000,0x00000000d7834598,0x00000000d8900000)
  from space 5120K, 100% used [0x00000000d8900000,0x00000000d8e00000,0x00000000d8e00000)
  to   space 5120K, 0% used [0x00000000dae00000,0x00000000dae00000,0x00000000db300000)
 ParOldGen       total 86016K, used 20131K [0x0000000083a00000, 0x0000000088e00000, 0x00000000d6900000)
  object space 86016K, 23% used [0x0000000083a00000,0x0000000084da8ce8,0x0000000088e00000)
 Metaspace       used 25620K, capacity 27448K, committed 27520K, reserved 1073152K
  class space    used 3631K, capacity 3955K, committed 3968K, reserved 1048576K
GC Heap History (10 events):
Event: 2.078 GC heap before
{Heap before GC invocations=2 (full 0):
 PSYoungGen      total 37888K, used 10326K [0x00000000d6900000, 0x00000000d9300000, 0x0000000100000000)
  eden space 32768K, 15% used [0x00000000d6900000,0x00000000d6e1db00,0x00000000d8900000)
  from space 5120K, 99% used [0x00000000d8900000,0x00000000d8df8050,0x00000000d8e00000)
  to   space 5120K, 0% used [0x00000000d8e00000,0x00000000d8e00000,0x00000000d9300000)
 ParOldGen       total 86016K, used 1163K [0x0000000083a00000, 0x0000000088e00000, 0x00000000d6900000)
  object space 86016K, 1% used [0x0000000083a00000,0x0000000083b22d70,0x0000000088e00000)
 Metaspace       used 16828K, capacity 17530K, committed 17792K, reserved 1064960K
  class space    used 2452K, capacity 2634K, committed 2688K, reserved 1048576K
Event: 2.082 GC heap after
Heap after GC invocations=2 (full 0):
 PSYoungGen      total 37888K, used 5088K [0x00000000d6900000, 0x00000000d9300000, 0x0000000100000000)
  eden space 32768K, 0% used [0x00000000d6900000,0x00000000d6900000,0x00000000d8900000)
  from space 5120K, 99% used [0x00000000d8e00000,0x00000000d92f8050,0x00000000d9300000)
  to   space 5120K, 0% used [0x00000000d8900000,0x00000000d8900000,0x00000000d8e00000)
 ParOldGen       total 86016K, used 2544K [0x0000000083a00000, 0x0000000088e00000, 0x00000000d6900000)
  object space 86016K, 2% used [0x0000000083a00000,0x0000000083c7c290,0x0000000088e00000)
 Metaspace       used 16828K, capacity 17530K, committed 17792K, reserved 1064960K
  class space    used 2452K, capacity 2634K, committed 2688K, reserved 1048576K
}
Event: 2.082 GC heap before
{Heap before GC invocations=3 (full 1):
 PSYoungGen      total 37888K, used 5088K [0x00000000d6900000, 0x00000000d9300000, 0x0000000100000000)
  eden space 32768K, 0% used [0x00000000d6900000,0x00000000d6900000,0x00000000d8900000)
  from space 5120K, 99% used [0x00000000d8e00000,0x00000000d92f8050,0x00000000d9300000)
  to   space 5120K, 0% used [0x00000000d8900000,0x00000000d8900000,0x00000000d8e00000)
 ParOldGen       total 86016K, used 2544K [0x0000000083a00000, 0x0000000088e00000, 0x00000000d6900000)
  object space 86016K, 2% used [0x0000000083a00000,0x0000000083c7c290,0x0000000088e00000)
 Metaspace       used 16828K, capacity 17530K, committed 17792K, reserved 1064960K
  class space    used 2452K, capacity 2634K, committed 2688K, reserved 1048576K
Event: 2.104 GC heap after
Heap after GC invocations=3 (full 1):
 PSYoungGen      total 37888K, used 0K [0x00000000d6900000, 0x00000000d9300000, 0x0000000100000000)
  eden space 32768K, 0% used [0x00000000d6900000,0x00000000d6900000,0x00000000d8900000)
  from space 5120K, 0% used [0x00000000d8e00000,0x00000000d8e00000,0x00000000d9300000)
  to   space 5120K, 0% used [0x00000000d8900000,0x00000000d8900000,0x00000000d8e00000)
 ParOldGen       total 86016K, used 7260K [0x0000000083a00000, 0x0000000088e00000, 0x00000000d6900000)
  object space 86016K, 8% used [0x0000000083a00000,0x0000000084117388,0x0000000088e00000)
 Metaspace       used 16828K, capacity 17530K, committed 17792K, reserved 1064960K
  class space    used 2452K, capacity 2634K, committed 2688K, reserved 1048576K
}
Event: 3.184 GC heap before
{Heap before GC invocations=4 (full 1):
 PSYoungGen      total 37888K, used 32768K [0x00000000d6900000, 0x00000000d9300000, 0x0000000100000000)
  eden space 32768K, 100% used [0x00000000d6900000,0x00000000d8900000,0x00000000d8900000)
  from space 5120K, 0% used [0x00000000d8e00000,0x00000000d8e00000,0x00000000d9300000)
  to   space 5120K, 0% used [0x00000000d8900000,0x00000000d8900000,0x00000000d8e00000)
 ParOldGen       total 86016K, used 7260K [0x0000000083a00000, 0x0000000088e00000, 0x00000000d6900000)
  object space 86016K, 8% used [0x0000000083a00000,0x0000000084117388,0x0000000088e00000)
 Metaspace       used 21692K, capacity 23190K, committed 23296K, reserved 1069056K
  class space    used 3224K, capacity 3506K, committed 3584K, reserved 1048576K
Event: 3.189 GC heap after
Heap after GC invocations=4 (full 1):
 PSYoungGen      total 37888K, used 5120K [0x00000000d6900000, 0x00000000d9300000, 0x0000000100000000)
  eden space 32768K, 0% used [0x00000000d6900000,0x00000000d6900000,0x00000000d8900000)
  from space 5120K, 100% used [0x00000000d8900000,0x00000000d8e00000,0x00000000d8e00000)
  to   space 5120K, 0% used [0x00000000d8e00000,0x00000000d8e00000,0x00000000d9300000)
 ParOldGen       total 86016K, used 8332K [0x0000000083a00000, 0x0000000088e00000, 0x00000000d6900000)
  object space 86016K, 9% used [0x0000000083a00000,0x0000000084223388,0x0000000088e00000)
 Metaspace       used 21692K, capacity 23190K, committed 23296K, reserved 1069056K
  class space    used 3224K, capacity 3506K, committed 3584K, reserved 1048576K
}
Event: 3.756 GC heap before
{Heap before GC invocations=5 (full 1):
 PSYoungGen      total 37888K, used 37888K [0x00000000d6900000, 0x00000000d9300000, 0x0000000100000000)
  eden space 32768K, 100% used [0x00000000d6900000,0x00000000d8900000,0x00000000d8900000)
  from space 5120K, 100% used [0x00000000d8900000,0x00000000d8e00000,0x00000000d8e00000)
  to   space 5120K, 0% used [0x00000000d8e00000,0x00000000d8e00000,0x00000000d9300000)
 ParOldGen       total 86016K, used 8332K [0x0000000083a00000, 0x0000000088e00000, 0x00000000d6900000)
  object space 86016K, 9% used [0x0000000083a00000,0x0000000084223388,0x0000000088e00000)
 Metaspace       used 23510K, capacity 25134K, committed 25344K, reserved 1071104K
  class space    used 3440K, capacity 3732K, committed 3840K, reserved 1048576K
Event: 3.773 GC heap after
Heap after GC invocations=5 (full 1):
 PSYoungGen      total 37888K, used 5120K [0x00000000d6900000, 0x00000000db300000, 0x0000000100000000)
  eden space 32768K, 0% used [0x00000000d6900000,0x00000000d6900000,0x00000000d8900000)
  from space 5120K, 100% used [0x00000000d8e00000,0x00000000d9300000,0x00000000d9300000)
  to   space 5120K, 0% used [0x00000000d8900000,0x00000000d8900000,0x00000000d8e00000)
 ParOldGen       total 86016K, used 17724K [0x0000000083a00000, 0x0000000088e00000, 0x00000000d6900000)
  object space 86016K, 20% used [0x0000000083a00000,0x0000000084b4f3c8,0x0000000088e00000)
 Metaspace       used 23510K, capacity 25134K, committed 25344K, reserved 1071104K
  class space    used 3440K, capacity 3732K, committed 3840K, reserved 1048576K
}
Event: 64.207 GC heap before
{Heap before GC invocations=6 (full 1):
 PSYoungGen      total 37888K, used 37888K [0x00000000d6900000, 0x00000000db300000, 0x0000000100000000)
  eden space 32768K, 100% used [0x00000000d6900000,0x00000000d8900000,0x00000000d8900000)
  from space 5120K, 100% used [0x00000000d8e00000,0x00000000d9300000,0x00000000d9300000)
  to   space 5120K, 0% used [0x00000000d8900000,0x00000000d8900000,0x00000000d8e00000)
 ParOldGen       total 86016K, used 17724K [0x0000000083a00000, 0x0000000088e00000, 0x00000000d6900000)
  object space 86016K, 20% used [0x0000000083a00000,0x0000000084b4f3c8,0x0000000088e00000)
 Metaspace       used 25347K, capacity 27172K, committed 27264K, reserved 1073152K
  class space    used 3602K, capacity 3941K, committed 3968K, reserved 1048576K
Event: 64.214 GC heap after
Heap after GC invocations=6 (full 1):
 PSYoungGen      total 37888K, used 5120K [0x00000000d6900000, 0x00000000db300000, 0x0000000100000000)
  eden space 32768K, 0% used [0x00000000d6900000,0x00000000d6900000,0x00000000d8900000)
  from space 5120K, 100% used [0x00000000d8900000,0x00000000d8e00000,0x00000000d8e00000)
  to   space 5120K, 0% used [0x00000000dae00000,0x00000000dae00000,0x00000000db300000)
 ParOldGen       total 86016K, used 20131K [0x0000000083a00000, 0x0000000088e00000, 0x00000000d6900000)
  object space 86016K, 23% used [0x0000000083a00000,0x0000000084da8ce8,0x0000000088e00000)
 Metaspace       used 25347K, capacity 27172K, committed 27264K, reserved 1073152K
  class space    used 3602K, capacity 3941K, committed 3968K, reserved 1048576K
}

